URL: https://www.google.com  Code: 200 Time: 0.35 seconds. Aviability: UP 2026-06-13 23:21:21
URL: https://www.bing.com  Code: 200 Time: 0.39 seconds. Aviability: UP 2026-06-13 23:21:22
URL: https://duckduckgo.com  Code: 200 Time: 0.24 seconds. Aviability: UP 2026-06-13 23:21:22
URL: https://www.facebook.com  Code: 200 Time: 0.66 seconds. Aviability: UP 2026-06-13 23:21:23
URL: https://www.instagram.com  Code: 200 Time: 0.82 seconds. Aviability: UP 2026-06-13 23:21:24
URL: https://www.linkedin.com  Code: 200 Time: 0.47 seconds. Aviability: UP 2026-06-13 23:21:24
URL: https://www.x.com  Code: 200 Time: 1.22 seconds. Aviability: UP 2026-06-13 23:21:25
URL: https://www.tiktok.com  Code: 200 Time: 0.56 seconds. Aviability: UP 2026-06-13 23:21:26
URL: https://www.reddit.com  Code: 200 Time: 0.21 seconds. Aviability: UP 2026-06-13 23:21:26
URL: https://www.netflix.com  Code: 200 Time: 2.13 seconds. Aviability: UP 2026-06-13 23:21:28
URL: https://www.spotify.com  Code: 200 Time: 0.86 seconds. Aviability: UP 2026-06-13 23:21:29
URL: https://www.youtube.com  Code: 200 Time: 0.51 seconds. Aviability: UP 2026-06-13 23:21:30
URL: https://www.twitch.tv  Code: 200 Time: 0.30 seconds. Aviability: UP 2026-06-13 23:21:30
URL: https://www.github.com  Code: 200 Time: 0.45 seconds. Aviability: UP 2026-06-13 23:21:30
URL: https://www.gitlab.com  Code: 200 Time: 1.06 seconds. Aviability: UP 2026-06-13 23:21:31
URL: https://www.stackoverflow.com  Code: 403 Time: 0.53 seconds. Aviability: DOWN 2026-06-13 23:21:32
URL: https://www.python.org  Code: 200 Time: 0.24 seconds. Aviability: UP 2026-06-13 23:21:32
URL: https://www.mozilla.org  Code: 200 Time: 0.21 seconds. Aviability: UP 2026-06-13 23:21:32
URL: https://api.github.com  Code: 200 Time: 0.22 seconds. Aviability: UP 2026-06-13 23:21:33
URL: https://jsonplaceholder.typicode.com/posts/1  Code: 200 Time: 0.23 seconds. Aviability: UP 2026-06-13 23:21:33
URL: https://httpbin.org/get  Code: 200 Time: 0.70 seconds. Aviability: UP 2026-06-13 23:21:34
URL: https://www.google.com  Code: 200 Time: 0.39 seconds. Aviability: UP 2026-06-13 23:37:16
URL: https://www.bing.com  Code: 200 Time: 0.42 seconds. Aviability: UP 2026-06-13 23:37:16
URL: https://duckduckgo.com  Code: 200 Time: 0.23 seconds. Aviability: UP 2026-06-13 23:37:17
URL: https://www.facebook.com  Code: 200 Time: 0.65 seconds. Aviability: UP 2026-06-13 23:37:17
URL: https://www.instagram.com  Code: 200 Time: 0.73 seconds. Aviability: UP 2026-06-13 23:37:18
URL: https://www.linkedin.com  Code: 200 Time: 0.44 seconds. Aviability: UP 2026-06-13 23:37:18
